Testing- log started- sfs_init()

sfs_init()
    conn:
    proto_major = 7
    proto_minor = 23
    async_read = 1
    max_write = 131072
    max_readahead = 131072
    capable = 00000ffb
    want = 00000010
    context:
    fuse = 01f1f510
    uid = 0
    gid = 0
    pid = 0
    private_data = 01f1f010
    logfile = 01f1f030
    diskfile = /home/anagha/Downloads/FileSystem/assignment2/testfile
    umask = 00000
Testing- first time in sfs_init
Testing- write successful 512
Read status 512
Block read 131072
Block read 256
Block read 0
Testing- exiting sfs_init()
